{"/Users/yangfeng/project/tool/jest/js/object.js": {"path":"/Users/yangfeng/project/tool/jest/js/object.js","statementMap":{"0":{"start":{"line":2,"column":4},"end":{"line":2,"column":33}},"1":{"start":{"line":5,"column":0},"end":{"line":5,"column":28}}},"fnMap":{"0":{"name":"cloneObject","decl":{"start":{"line":1,"column":9},"end":{"line":1,"column":20}},"loc":{"start":{"line":1,"column":26},"end":{"line":3,"column":1}},"line":1}},"branchMap":{},"s":{"0":1,"1":1},"f":{"0":1},"b":{},"_coverageSchema":"1a1c01bbd47fc00a2c39e90264f33305004495a9","hash":"02888ab2450b48451e5f4b9fe13edc2c0c38d3ec"}
,"/Users/yangfeng/project/tool/jest/js/sum.js": {"path":"/Users/yangfeng/project/tool/jest/js/sum.js","statementMap":{"0":{"start":{"line":2,"column":4},"end":{"line":2,"column":16}},"1":{"start":{"line":6,"column":4},"end":{"line":6,"column":84}},"2":{"start":{"line":6,"column":54},"end":{"line":6,"column":80}},"3":{"start":{"line":9,"column":0},"end":{"line":12,"column":1}}},"fnMap":{"0":{"name":"sum","decl":{"start":{"line":1,"column":9},"end":{"line":1,"column":12}},"loc":{"start":{"line":1,"column":19},"end":{"line":3,"column":1}},"line":1},"1":{"name":"sumForArray","decl":{"start":{"line":5,"column":9},"end":{"line":5,"column":20}},"loc":{"start":{"line":5,"column":27},"end":{"line":7,"column":1}},"line":5},"2":{"name":"(anonymous_2)","decl":{"start":{"line":6,"column":23},"end":{"line":6,"column":24}},"loc":{"start":{"line":6,"column":54},"end":{"line":6,"column":80}},"line":6}},"branchMap":{},"s":{"0":1,"1":0,"2":0,"3":1},"f":{"0":1,"1":0,"2":0},"b":{},"_coverageSchema":"1a1c01bbd47fc00a2c39e90264f33305004495a9","hash":"05dbe27b33913d0de6ca65925ec980a7dbbc33e4"}
}
