TN:
SF:js/Counter.js
FN:2,(anonymous_0)
FN:5,(anonymous_1)
FN:9,(anonymous_2)
FN:13,(anonymous_3)
FN:17,(anonymous_4)
FNF:5
FNH:5
FNDA:4,(anonymous_0)
FNDA:1,(anonymous_1)
FNDA:1,(anonymous_2)
FNDA:1,(anonymous_3)
FNDA:1,(anonymous_4)
DA:3,4
DA:6,1
DA:7,1
DA:10,1
DA:11,1
DA:14,1
DA:15,1
DA:18,1
DA:19,1
DA:23,1
LF:10
LH:10
BRF:0
BRH:0
end_of_record
TN:
SF:js/fetch.js
FN:1,fetchData
FN:2,(anonymous_1)
FN:3,(anonymous_2)
FNF:3
FNH:3
FNDA:3,fetchData
FNDA:3,(anonymous_1)
FNDA:3,(anonymous_2)
DA:2,3
DA:3,3
DA:7,1
LF:3
LH:3
BRDA:3,0,0,2
BRDA:3,0,1,1
BRF:2
BRH:2
end_of_record
TN:
SF:js/object.js
FN:1,cloneObject
FNF:1
FNH:1
FNDA:1,cloneObject
DA:2,1
DA:5,1
LF:2
LH:2
BRF:0
BRH:0
end_of_record
TN:
SF:js/subtract.js
FN:1,subtract
FNF:1
FNH:1
FNDA:2,subtract
DA:2,2
DA:5,1
LF:2
LH:2
BRF:0
BRH:0
end_of_record
TN:
SF:js/sum.js
FN:1,sum
FN:5,sumForArray
FN:6,(anonymous_2)
FNF:3
FNH:1
FNDA:3,sum
FNDA:0,sumForArray
FNDA:0,(anonymous_2)
DA:2,3
DA:6,0
DA:9,1
LF:3
LH:2
BRF:0
BRH:0
end_of_record
TN:
SF:js/timer.js
FN:1,timer
FN:2,(anonymous_1)
FNF:2
FNH:2
FNDA:1,timer
FNDA:1,(anonymous_1)
DA:2,1
DA:3,1
DA:7,1
LF:3
LH:3
BRDA:3,0,0,1
BRDA:3,0,1,1
BRF:2
BRH:2
end_of_record
